android_app/app/build/intermediates/manifest_merge_blame_file/debug/manifest-merger-blame-debug-report.txt
1<?xml version="1.0" encoding="utf-8"?>
2<manifest xmlns:android="http://schemas.android.com/apk/res/android"
3    xmlns:dist="http://schemas.android.com/apk/distribution"
4    package="com.example.hackertech"
5    android:versionCode="1"
6    android:versionName="1.0" >
7
8    <uses-sdk
9        android:minSdkVersion="24"
9-->src\main\AndroidManifest.xml
10        android:targetSdkVersion="29" />
10-->src\main\AndroidManifest.xml
11
12    <dist:module dist:instant="true" />
12-->src\main\AndroidManifest.xml:6:5-40
12-->src\main\AndroidManifest.xml:6:18-37
13
14    <uses-permission android:name="android.permission.ACCESS_FINE_LOCATION" />
14-->src\main\AndroidManifest.xml:8:5-79
14-->src\main\AndroidManifest.xml:8:22-76
15    <uses-permission android:name="android.permission.INTERNET" />
15-->src\main\AndroidManifest.xml:9:5-67
15-->src\main\AndroidManifest.xml:9:22-64
16    <uses-permission android:name="android.permission.ACCESS_NETWORK_STATE" />
16-->[com.google.firebase:firebase-database:16.0.4] AndroidManifest.xml:22:5-79
16-->[com.google.firebase:firebase-database:16.0.4] AndroidManifest.xml:22:22-76
17
18    <application
18-->src\main\AndroidManifest.xml:11:5-28:19
19        android:allowBackup="true"
19-->src\main\AndroidManifest.xml:12:9-35
20        android:appComponentFactory="androidx.core.app.CoreComponentFactory"
20-->[androidx.core:core:1.1.0] AndroidManifest.xml:24:18-86
21        android:debuggable="true"
22        android:extractNativeLibs="false"
23        android:icon="@mipmap/ic_launcher"
23-->src\main\AndroidManifest.xml:13:9-43
24        android:label="@string/app_name"
24-->src\main\AndroidManifest.xml:14:9-41
25        android:roundIcon="@mipmap/ic_launcher_round"
25-->src\main\AndroidManifest.xml:15:9-54
26        android:supportsRtl="true"
26-->src\main\AndroidManifest.xml:16:9-35
27        android:testOnly="true"
28        android:theme="@style/AppTheme" >
28-->src\main\AndroidManifest.xml:17:9-40
29        <activity android:name="com.example.hackertech.MapActivity" />
29-->src\main\AndroidManifest.xml:18:9-58
29-->src\main\AndroidManifest.xml:18:19-46
30        <activity android:name="com.example.hackertech.StatActivity" />
30-->src\main\AndroidManifest.xml:19:9-50
30-->src\main\AndroidManifest.xml:19:19-47
31        <activity android:name="com.example.hackertech.SplashActivity" >
31-->src\main\AndroidManifest.xml:20:9-26:20
31-->src\main\AndroidManifest.xml:20:19-49
32            <intent-filter>
32-->src\main\AndroidManifest.xml:21:13-25:29
33                <action android:name="android.intent.action.MAIN" />
33-->src\main\AndroidManifest.xml:22:17-69
33-->src\main\AndroidManifest.xml:22:25-66
34
35                <category android:name="android.intent.category.LAUNCHER" />
35-->src\main\AndroidManifest.xml:24:17-77
35-->src\main\AndroidManifest.xml:24:27-74
36            </intent-filter>
37        </activity>
38        <activity android:name="com.example.hackertech.MainActivity" />
38-->src\main\AndroidManifest.xml:27:9-50
38-->src\main\AndroidManifest.xml:27:19-47
39        <activity
39-->[com.google.android.gms:play-services-base:16.0.1] AndroidManifest.xml:23:9-26:75
40            android:name="com.google.android.gms.common.api.GoogleApiActivity"
40-->[com.google.android.gms:play-services-base:16.0.1] AndroidManifest.xml:24:13-79
41            android:exported="false"
41-->[com.google.android.gms:play-services-base:16.0.1] AndroidManifest.xml:25:13-37
42            android:theme="@android:style/Theme.Translucent.NoTitleBar" />
42-->[com.google.android.gms:play-services-base:16.0.1] AndroidManifest.xml:26:13-72
43
44        <provider
44-->[com.google.firebase:firebase-common:16.0.3] AndroidManifest.xml:10:9-14:39
45            android:name="com.google.firebase.provider.FirebaseInitProvider"
45-->[com.google.firebase:firebase-common:16.0.3] AndroidManifest.xml:11:13-77
46            android:authorities="com.example.hackertech.firebaseinitprovider"
46-->[com.google.firebase:firebase-common:16.0.3] AndroidManifest.xml:12:13-72
47            android:exported="false"
47-->[com.google.firebase:firebase-common:16.0.3] AndroidManifest.xml:13:13-37
48            android:initOrder="100" />
48-->[com.google.firebase:firebase-common:16.0.3] AndroidManifest.xml:14:13-36
49
50        <meta-data
50-->[com.google.android.gms:play-services-basement:16.0.1] AndroidManifest.xml:23:9-25:69
51            android:name="com.google.android.gms.version"
51-->[com.google.android.gms:play-services-basement:16.0.1] AndroidManifest.xml:24:13-58
52            android:value="@integer/google_play_services_version" />
52-->[com.google.android.gms:play-services-basement:16.0.1] AndroidManifest.xml:25:13-66
53    </application>
54
55</manifest>